Connecting to database specified by database.yml


Started GET "/assets/rails.png" for 192.168.0.4 at 2013-06-04 17:53:52 +0700
Served asset /rails.png - 200 OK (6ms)
Connecting to database specified by database.yml
Connecting to database specified by database.yml
Connecting to database specified by database.yml


Started GET "/" for 192.168.0.4 at 2013-06-04 18:03:17 +0700
Processing by HamlTestController#index as HTML
Completed 500 Internal Server Error in 51ms

ActionView::MissingTemplate (Missing template haml_test/index, application/index with {:locale=>[:en], :formats=>[:html], :handlers=>[:erb, :builder, :coffee]}. Searched in:
  * "/home/myuller/dev/haml_test/app/views"
):
  actionpack (3.2.13) lib/action_view/path_set.rb:58:in `find'
  actionpack (3.2.13) lib/action_view/lookup_context.rb:109:in `find'
  actionpack (3.2.13) lib/action_view/renderer/abstract_renderer.rb:3:in `find_template'
  actionpack (3.2.13) lib/action_view/renderer/template_renderer.rb:34:in `determine_template'
  actionpack (3.2.13) lib/action_view/renderer/template_renderer.rb:10:in `render'
  actionpack (3.2.13) lib/action_view/renderer/renderer.rb:36:in `render_template'
  actionpack (3.2.13) lib/action_view/renderer/renderer.rb:17:in `render'
  actionpack (3.2.13) lib/abstract_controller/rendering.rb:110:in `_render_template'
  actionpack (3.2.13) lib/action_controller/metal/streaming.rb:225:in `_render_template'
  actionpack (3.2.13) lib/abstract_controller/rendering.rb:103:in `render_to_body'
  actionpack (3.2.13) lib/action_controller/metal/renderers.rb:28:in `render_to_body'
  actionpack (3.2.13) lib/action_controller/metal/compatibility.rb:50:in `render_to_body'
  actionpack (3.2.13) lib/abstract_controller/rendering.rb:88:in `render'
  actionpack (3.2.13) lib/action_controller/metal/rendering.rb:16:in `render'
  actionpack (3.2.13) lib/action_controller/metal/instrumentation.rb:40:in `block (2 levels) in render'
  activesupport (3.2.13) lib/active_support/core_ext/benchmark.rb:5:in `block in ms'
  /usr/lib/ruby/1.9.1/benchmark.rb:295:in `realtime'
  activesupport (3.2.13) lib/active_support/core_ext/benchmark.rb:5:in `ms'
  actionpack (3.2.13) lib/action_controller/metal/instrumentation.rb:40:in `block in render'
  actionpack (3.2.13) lib/action_controller/metal/instrumentation.rb:83:in `cleanup_view_runtime'
  activerecord (3.2.13) lib/active_record/railties/controller_runtime.rb:24:in `cleanup_view_runtime'
  actionpack (3.2.13) lib/action_controller/metal/instrumentation.rb:39:in `render'
  actionpack (3.2.13) lib/action_controller/metal/implicit_render.rb:10:in `default_render'
  actionpack (3.2.13) lib/action_controller/metal/implicit_render.rb:5:in `send_action'
  actionpack (3.2.13) lib/abstract_controller/base.rb:167:in `process_action'
  actionpack (3.2.13) lib/action_controller/metal/rendering.rb:10:in `process_action'
  actionpack (3.2.13) lib/abstract_controller/callbacks.rb:18:in `block in process_action'
  activesupport (3.2.13) lib/active_support/callbacks.rb:414:in `_run__4017485147887463403__process_action__4327688162737049841__callbacks'
  activesupport (3.2.13) lib/active_support/callbacks.rb:405:in `__run_callback'
  activesupport (3.2.13) lib/active_support/callbacks.rb:385:in `_run_process_action_callbacks'
  activesupport (3.2.13) lib/active_support/callbacks.rb:81:in `run_callbacks'
  actionpack (3.2.13) lib/abstract_controller/callbacks.rb:17:in `process_action'
  actionpack (3.2.13) lib/action_controller/metal/rescue.rb:29:in `process_action'
  actionpack (3.2.13) lib/action_controller/metal/instrumentation.rb:30:in `block in process_action'
  activesupport (3.2.13) lib/active_support/notifications.rb:123:in `block in instrument'
  activesupport (3.2.13) lib/active_support/notifications/instrumenter.rb:20:in `instrument'
  activesupport (3.2.13) lib/active_support/notifications.rb:123:in `instrument'
  actionpack (3.2.13) lib/action_controller/metal/instrumentation.rb:29:in `process_action'
  actionpack (3.2.13) lib/action_controller/metal/params_wrapper.rb:207:in `process_action'
  activerecord (3.2.13) lib/active_record/railties/controller_runtime.rb:18:in `process_action'
  actionpack (3.2.13) lib/abstract_controller/base.rb:121:in `process'
  actionpack (3.2.13) lib/abstract_controller/rendering.rb:45:in `process'
  actionpack (3.2.13) lib/action_controller/metal.rb:203:in `dispatch'
  actionpack (3.2.13) lib/action_controller/metal/rack_delegation.rb:14:in `dispatch'
  actionpack (3.2.13) lib/action_controller/metal.rb:246:in `block in action'
  actionpack (3.2.13) lib/action_dispatch/routing/route_set.rb:73:in `call'
  actionpack (3.2.13) lib/action_dispatch/routing/route_set.rb:73:in `dispatch'
  actionpack (3.2.13) lib/action_dispatch/routing/route_set.rb:36:in `call'
  journey (1.0.4) lib/journey/router.rb:68:in `block in call'
  journey (1.0.4) lib/journey/router.rb:56:in `each'
  journey (1.0.4) lib/journey/router.rb:56:in `call'
  actionpack (3.2.13) lib/action_dispatch/routing/route_set.rb:612:in `call'
  actionpack (3.2.13) lib/action_dispatch/middleware/best_standards_support.rb:17:in `call'
  rack (1.4.5) lib/rack/etag.rb:23:in `call'
  rack (1.4.5) lib/rack/conditionalget.rb:25:in `call'
  actionpack (3.2.13) lib/action_dispatch/middleware/head.rb:14:in `call'
  actionpack (3.2.13) lib/action_dispatch/middleware/params_parser.rb:21:in `call'
  actionpack (3.2.13) lib/action_dispatch/middleware/flash.rb:242:in `call'
  rack (1.4.5) lib/rack/session/abstract/id.rb:210:in `context'
  rack (1.4.5) lib/rack/session/abstract/id.rb:205:in `call'
  actionpack (3.2.13) lib/action_dispatch/middleware/cookies.rb:341:in `call'
  activerecord (3.2.13) lib/active_record/query_cache.rb:64:in `call'
  activerecord (3.2.13) lib/active_record/connection_adapters/abstract/connection_pool.rb:479:in `call'
  actionpack (3.2.13) lib/action_dispatch/middleware/callbacks.rb:28:in `block in call'
  activesupport (3.2.13) lib/active_support/callbacks.rb:405:in `_run__3760406208590756057__call__3461487400433916031__callbacks'
  activesupport (3.2.13) lib/active_support/callbacks.rb:405:in `__run_callback'
  activesupport (3.2.13) lib/active_support/callbacks.rb:385:in `_run_call_callbacks'
  activesupport (3.2.13) lib/active_support/callbacks.rb:81:in `run_callbacks'
  actionpack (3.2.13) lib/action_dispatch/middleware/callbacks.rb:27:in `call'
  actionpack (3.2.13) lib/action_dispatch/middleware/reloader.rb:65:in `call'
  actionpack (3.2.13) lib/action_dispatch/middleware/remote_ip.rb:31:in `call'
  actionpack (3.2.13) lib/action_dispatch/middleware/debug_exceptions.rb:16:in `call'
  actionpack (3.2.13) lib/action_dispatch/middleware/show_exceptions.rb:56:in `call'
  railties (3.2.13) lib/rails/rack/logger.rb:32:in `call_app'
  railties (3.2.13) lib/rails/rack/logger.rb:16:in `block in call'
  activesupport (3.2.13) lib/active_support/tagged_logging.rb:22:in `tagged'
  railties (3.2.13) lib/rails/rack/logger.rb:16:in `call'
  actionpack (3.2.13) lib/action_dispatch/middleware/request_id.rb:22:in `call'
  rack (1.4.5) lib/rack/methodoverride.rb:21:in `call'
  rack (1.4.5) lib/rack/runtime.rb:17:in `call'
  activesupport (3.2.13) lib/active_support/cache/strategy/local_cache.rb:72:in `call'
  rack (1.4.5) lib/rack/lock.rb:15:in `call'
  actionpack (3.2.13) lib/action_dispatch/middleware/static.rb:63:in `call'
  railties (3.2.13) lib/rails/engine.rb:479:in `call'
  railties (3.2.13) lib/rails/application.rb:223:in `call'
  rack (1.4.5) lib/rack/content_length.rb:14:in `call'
  railties (3.2.13) lib/rails/rack/log_tailer.rb:17:in `call'
  rack (1.4.5) lib/rack/handler/webrick.rb:59:in `service'
  /usr/lib/ruby/1.9.1/webrick/httpserver.rb:138:in `service'
  /usr/lib/ruby/1.9.1/webrick/httpserver.rb:94:in `run'
  /usr/lib/ruby/1.9.1/webrick/server.rb:191:in `block in start_thread'


  Rendered /var/lib/gems/1.9.1/gems/actionpack-3.2.13/lib/action_dispatch/middleware/templates/rescues/missing_template.erb within rescues/layout (2.3ms)


Started GET "/" for 192.168.0.4 at 2013-06-04 18:03:37 +0700
Processing by HamlTestController#index as HTML
Completed 500 Internal Server Error in 1ms

ActionView::MissingTemplate (Missing template haml_test/index, application/index with {:locale=>[:en], :formats=>[:html], :handlers=>[:erb, :builder, :coffee]}. Searched in:
  * "/home/myuller/dev/haml_test/app/views"
):
  actionpack (3.2.13) lib/action_view/path_set.rb:58:in `find'
  actionpack (3.2.13) lib/action_view/lookup_context.rb:109:in `find'
  actionpack (3.2.13) lib/action_view/renderer/abstract_renderer.rb:3:in `find_template'
  actionpack (3.2.13) lib/action_view/renderer/template_renderer.rb:34:in `determine_template'
  actionpack (3.2.13) lib/action_view/renderer/template_renderer.rb:10:in `render'
  actionpack (3.2.13) lib/action_view/renderer/renderer.rb:36:in `render_template'
  actionpack (3.2.13) lib/action_view/renderer/renderer.rb:17:in `render'
  actionpack (3.2.13) lib/abstract_controller/rendering.rb:110:in `_render_template'
  actionpack (3.2.13) lib/action_controller/metal/streaming.rb:225:in `_render_template'
  actionpack (3.2.13) lib/abstract_controller/rendering.rb:103:in `render_to_body'
  actionpack (3.2.13) lib/action_controller/metal/renderers.rb:28:in `render_to_body'
  actionpack (3.2.13) lib/action_controller/metal/compatibility.rb:50:in `render_to_body'
  actionpack (3.2.13) lib/abstract_controller/rendering.rb:88:in `render'
  actionpack (3.2.13) lib/action_controller/metal/rendering.rb:16:in `render'
  actionpack (3.2.13) lib/action_controller/metal/instrumentation.rb:40:in `block (2 levels) in render'
  activesupport (3.2.13) lib/active_support/core_ext/benchmark.rb:5:in `block in ms'
  /usr/lib/ruby/1.9.1/benchmark.rb:295:in `realtime'
  activesupport (3.2.13) lib/active_support/core_ext/benchmark.rb:5:in `ms'
  actionpack (3.2.13) lib/action_controller/metal/instrumentation.rb:40:in `block in render'
  actionpack (3.2.13) lib/action_controller/metal/instrumentation.rb:83:in `cleanup_view_runtime'
  activerecord (3.2.13) lib/active_record/railties/controller_runtime.rb:24:in `cleanup_view_runtime'
  actionpack (3.2.13) lib/action_controller/metal/instrumentation.rb:39:in `render'
  actionpack (3.2.13) lib/action_controller/metal/implicit_render.rb:10:in `default_render'
  actionpack (3.2.13) lib/action_controller/metal/implicit_render.rb:5:in `send_action'
  actionpack (3.2.13) lib/abstract_controller/base.rb:167:in `process_action'
  actionpack (3.2.13) lib/action_controller/metal/rendering.rb:10:in `process_action'
  actionpack (3.2.13) lib/abstract_controller/callbacks.rb:18:in `block in process_action'
  activesupport (3.2.13) lib/active_support/callbacks.rb:414:in `_run__4017485147887463403__process_action__4327688162737049841__callbacks'
  activesupport (3.2.13) lib/active_support/callbacks.rb:405:in `__run_callback'
  activesupport (3.2.13) lib/active_support/callbacks.rb:385:in `_run_process_action_callbacks'
  activesupport (3.2.13) lib/active_support/callbacks.rb:81:in `run_callbacks'
  actionpack (3.2.13) lib/abstract_controller/callbacks.rb:17:in `process_action'
  actionpack (3.2.13) lib/action_controller/metal/rescue.rb:29:in `process_action'
  actionpack (3.2.13) lib/action_controller/metal/instrumentation.rb:30:in `block in process_action'
  activesupport (3.2.13) lib/active_support/notifications.rb:123:in `block in instrument'
  activesupport (3.2.13) lib/active_support/notifications/instrumenter.rb:20:in `instrument'
  activesupport (3.2.13) lib/active_support/notifications.rb:123:in `instrument'
  actionpack (3.2.13) lib/action_controller/metal/instrumentation.rb:29:in `process_action'
  actionpack (3.2.13) lib/action_controller/metal/params_wrapper.rb:207:in `process_action'
  activerecord (3.2.13) lib/active_record/railties/controller_runtime.rb:18:in `process_action'
  actionpack (3.2.13) lib/abstract_controller/base.rb:121:in `process'
  actionpack (3.2.13) lib/abstract_controller/rendering.rb:45:in `process'
  actionpack (3.2.13) lib/action_controller/metal.rb:203:in `dispatch'
  actionpack (3.2.13) lib/action_controller/metal/rack_delegation.rb:14:in `dispatch'
  actionpack (3.2.13) lib/action_controller/metal.rb:246:in `block in action'
  actionpack (3.2.13) lib/action_dispatch/routing/route_set.rb:73:in `call'
  actionpack (3.2.13) lib/action_dispatch/routing/route_set.rb:73:in `dispatch'
  actionpack (3.2.13) lib/action_dispatch/routing/route_set.rb:36:in `call'
  journey (1.0.4) lib/journey/router.rb:68:in `block in call'
  journey (1.0.4) lib/journey/router.rb:56:in `each'
  journey (1.0.4) lib/journey/router.rb:56:in `call'
  actionpack (3.2.13) lib/action_dispatch/routing/route_set.rb:612:in `call'
  actionpack (3.2.13) lib/action_dispatch/middleware/best_standards_support.rb:17:in `call'
  rack (1.4.5) lib/rack/etag.rb:23:in `call'
  rack (1.4.5) lib/rack/conditionalget.rb:25:in `call'
  actionpack (3.2.13) lib/action_dispatch/middleware/head.rb:14:in `call'
  actionpack (3.2.13) lib/action_dispatch/middleware/params_parser.rb:21:in `call'
  actionpack (3.2.13) lib/action_dispatch/middleware/flash.rb:242:in `call'
  rack (1.4.5) lib/rack/session/abstract/id.rb:210:in `context'
  rack (1.4.5) lib/rack/session/abstract/id.rb:205:in `call'
  actionpack (3.2.13) lib/action_dispatch/middleware/cookies.rb:341:in `call'
  activerecord (3.2.13) lib/active_record/query_cache.rb:64:in `call'
  activerecord (3.2.13) lib/active_record/connection_adapters/abstract/connection_pool.rb:479:in `call'
  actionpack (3.2.13) lib/action_dispatch/middleware/callbacks.rb:28:in `block in call'
  activesupport (3.2.13) lib/active_support/callbacks.rb:405:in `_run__3760406208590756057__call__3461487400433916031__callbacks'
  activesupport (3.2.13) lib/active_support/callbacks.rb:405:in `__run_callback'
  activesupport (3.2.13) lib/active_support/callbacks.rb:385:in `_run_call_callbacks'
  activesupport (3.2.13) lib/active_support/callbacks.rb:81:in `run_callbacks'
  actionpack (3.2.13) lib/action_dispatch/middleware/callbacks.rb:27:in `call'
  actionpack (3.2.13) lib/action_dispatch/middleware/reloader.rb:65:in `call'
  actionpack (3.2.13) lib/action_dispatch/middleware/remote_ip.rb:31:in `call'
  actionpack (3.2.13) lib/action_dispatch/middleware/debug_exceptions.rb:16:in `call'
  actionpack (3.2.13) lib/action_dispatch/middleware/show_exceptions.rb:56:in `call'
  railties (3.2.13) lib/rails/rack/logger.rb:32:in `call_app'
  railties (3.2.13) lib/rails/rack/logger.rb:16:in `block in call'
  activesupport (3.2.13) lib/active_support/tagged_logging.rb:22:in `tagged'
  railties (3.2.13) lib/rails/rack/logger.rb:16:in `call'
  actionpack (3.2.13) lib/action_dispatch/middleware/request_id.rb:22:in `call'
  rack (1.4.5) lib/rack/methodoverride.rb:21:in `call'
  rack (1.4.5) lib/rack/runtime.rb:17:in `call'
  activesupport (3.2.13) lib/active_support/cache/strategy/local_cache.rb:72:in `call'
  rack (1.4.5) lib/rack/lock.rb:15:in `call'
  actionpack (3.2.13) lib/action_dispatch/middleware/static.rb:63:in `call'
  railties (3.2.13) lib/rails/engine.rb:479:in `call'
  railties (3.2.13) lib/rails/application.rb:223:in `call'
  rack (1.4.5) lib/rack/content_length.rb:14:in `call'
  railties (3.2.13) lib/rails/rack/log_tailer.rb:17:in `call'
  rack (1.4.5) lib/rack/handler/webrick.rb:59:in `service'
  /usr/lib/ruby/1.9.1/webrick/httpserver.rb:138:in `service'
  /usr/lib/ruby/1.9.1/webrick/httpserver.rb:94:in `run'
  /usr/lib/ruby/1.9.1/webrick/server.rb:191:in `block in start_thread'


  Rendered /var/lib/gems/1.9.1/gems/actionpack-3.2.13/lib/action_dispatch/middleware/templates/rescues/missing_template.erb within rescues/layout (0.6ms)
Connecting to database specified by database.yml


Started GET "/" for 192.168.0.4 at 2013-06-04 18:04:31 +0700
Processing by HamlTestController#index as HTML
  Rendered haml_test/index.html.haml within layouts/application (3.0ms)
Compiled haml_test.css  (44ms)  (pid 7987)
Compiled application.css  (71ms)  (pid 7987)
Compiled jquery.js  (36ms)  (pid 7987)
Compiled jquery_ujs.js  (0ms)  (pid 7987)
Compiled haml_test.js  (232ms)  (pid 7987)
Compiled application.js  (320ms)  (pid 7987)
Completed 200 OK in 492ms (Views: 491.5ms | ActiveRecord: 0.0ms)


Started GET "/assets/application.css?body=1" for 192.168.0.4 at 2013-06-04 18:04:32 +0700
Served asset /application.css - 200 OK (3ms)


Started GET "/assets/haml_test.js?body=1" for 192.168.0.4 at 2013-06-04 18:04:32 +0700
Served asset /haml_test.js - 200 OK (1ms)


Started GET "/assets/application.js?body=1" for 192.168.0.4 at 2013-06-04 18:04:32 +0700
Served asset /application.js - 200 OK (6ms)


Started GET "/assets/haml_test.css?body=1" for 192.168.0.4 at 2013-06-04 18:04:36 +0700
Served asset /haml_test.css - 200 OK (2ms)


Started GET "/assets/jquery_ujs.js?body=1" for 192.168.0.4 at 2013-06-04 18:04:36 +0700
Served asset /jquery_ujs.js - 200 OK (2ms)


Started GET "/assets/jquery.js?body=1" for 192.168.0.4 at 2013-06-04 18:04:36 +0700
Served asset /jquery.js - 200 OK (5ms)


Started GET "/" for 192.168.0.4 at 2013-06-04 18:04:37 +0700
Processing by HamlTestController#index as HTML
  Rendered haml_test/index.html.haml within layouts/application (1.1ms)
Completed 200 OK in 31ms (Views: 30.4ms | ActiveRecord: 0.0ms)


Started GET "/assets/application.css?body=1" for 192.168.0.4 at 2013-06-04 18:04:38 +0700
Served asset /application.css - 304 Not Modified (0ms)


Started GET "/assets/haml_test.css?body=1" for 192.168.0.4 at 2013-06-04 18:04:38 +0700
Served asset /haml_test.css - 304 Not Modified (0ms)


Started GET "/assets/jquery_ujs.js?body=1" for 192.168.0.4 at 2013-06-04 18:04:38 +0700
Served asset /jquery_ujs.js - 304 Not Modified (0ms)


Started GET "/assets/jquery.js?body=1" for 192.168.0.4 at 2013-06-04 18:04:38 +0700
Served asset /jquery.js - 304 Not Modified (0ms)


Started GET "/assets/haml_test.js?body=1" for 192.168.0.4 at 2013-06-04 18:04:38 +0700
Served asset /haml_test.js - 304 Not Modified (0ms)


Started GET "/assets/application.js?body=1" for 192.168.0.4 at 2013-06-04 18:04:38 +0700
Served asset /application.js - 304 Not Modified (1ms)


Started GET "/textareas" for 192.168.0.4 at 2013-06-04 18:04:56 +0700
Processing by HamlTestController#textareas as JS
Completed 500 Internal Server Error in 34ms

ActionView::MissingTemplate (Missing template haml_test/textareas, application/textareas with {:locale=>[:en], :formats=>[:js, "application/ecmascript", "application/x-ecmascript", :html, :text, :js, :css, :ics, :csv, :png, :jpeg, :gif, :bmp, :tiff, :mpeg, :xml, :rss, :atom, :yaml, :multipart_form, :url_encoded_form, :json, :pdf, :zip], :handlers=>[:erb, :builder, :coffee, :haml]}. Searched in:
  * "/home/myuller/dev/haml_test/app/views"
):
  actionpack (3.2.13) lib/action_view/path_set.rb:58:in `find'
  actionpack (3.2.13) lib/action_view/lookup_context.rb:109:in `find'
  actionpack (3.2.13) lib/action_view/renderer/abstract_renderer.rb:3:in `find_template'
  actionpack (3.2.13) lib/action_view/renderer/template_renderer.rb:34:in `determine_template'
  actionpack (3.2.13) lib/action_view/renderer/template_renderer.rb:10:in `render'
  actionpack (3.2.13) lib/action_view/renderer/renderer.rb:36:in `render_template'
  actionpack (3.2.13) lib/action_view/renderer/renderer.rb:17:in `render'
  actionpack (3.2.13) lib/abstract_controller/rendering.rb:110:in `_render_template'
  actionpack (3.2.13) lib/action_controller/metal/streaming.rb:225:in `_render_template'
  actionpack (3.2.13) lib/abstract_controller/rendering.rb:103:in `render_to_body'
  actionpack (3.2.13) lib/action_controller/metal/renderers.rb:28:in `render_to_body'
  actionpack (3.2.13) lib/action_controller/metal/compatibility.rb:50:in `render_to_body'
  actionpack (3.2.13) lib/abstract_controller/rendering.rb:88:in `render'
  actionpack (3.2.13) lib/action_controller/metal/rendering.rb:16:in `render'
  actionpack (3.2.13) lib/action_controller/metal/instrumentation.rb:40:in `block (2 levels) in render'
  activesupport (3.2.13) lib/active_support/core_ext/benchmark.rb:5:in `block in ms'
  /usr/lib/ruby/1.9.1/benchmark.rb:295:in `realtime'
  activesupport (3.2.13) lib/active_support/core_ext/benchmark.rb:5:in `ms'
  actionpack (3.2.13) lib/action_controller/metal/instrumentation.rb:40:in `block in render'
  actionpack (3.2.13) lib/action_controller/metal/instrumentation.rb:83:in `cleanup_view_runtime'
  activerecord (3.2.13) lib/active_record/railties/controller_runtime.rb:24:in `cleanup_view_runtime'
  actionpack (3.2.13) lib/action_controller/metal/instrumentation.rb:39:in `render'
  actionpack (3.2.13) lib/action_controller/metal/implicit_render.rb:10:in `default_render'
  actionpack (3.2.13) lib/action_controller/metal/implicit_render.rb:5:in `send_action'
  actionpack (3.2.13) lib/abstract_controller/base.rb:167:in `process_action'
  actionpack (3.2.13) lib/action_controller/metal/rendering.rb:10:in `process_action'
  actionpack (3.2.13) lib/abstract_controller/callbacks.rb:18:in `block in process_action'
  activesupport (3.2.13) lib/active_support/callbacks.rb:414:in `_run__873555774801005065__process_action__124719647530397956__callbacks'
  activesupport (3.2.13) lib/active_support/callbacks.rb:405:in `__run_callback'
  activesupport (3.2.13) lib/active_support/callbacks.rb:385:in `_run_process_action_callbacks'
  activesupport (3.2.13) lib/active_support/callbacks.rb:81:in `run_callbacks'
  actionpack (3.2.13) lib/abstract_controller/callbacks.rb:17:in `process_action'
  actionpack (3.2.13) lib/action_controller/metal/rescue.rb:29:in `process_action'
  actionpack (3.2.13) lib/action_controller/metal/instrumentation.rb:30:in `block in process_action'
  activesupport (3.2.13) lib/active_support/notifications.rb:123:in `block in instrument'
  activesupport (3.2.13) lib/active_support/notifications/instrumenter.rb:20:in `instrument'
  activesupport (3.2.13) lib/active_support/notifications.rb:123:in `instrument'
  actionpack (3.2.13) lib/action_controller/metal/instrumentation.rb:29:in `process_action'
  actionpack (3.2.13) lib/action_controller/metal/params_wrapper.rb:207:in `process_action'
  activerecord (3.2.13) lib/active_record/railties/controller_runtime.rb:18:in `process_action'
  actionpack (3.2.13) lib/abstract_controller/base.rb:121:in `process'
  actionpack (3.2.13) lib/abstract_controller/rendering.rb:45:in `process'
  actionpack (3.2.13) lib/action_controller/metal.rb:203:in `dispatch'
  actionpack (3.2.13) lib/action_controller/metal/rack_delegation.rb:14:in `dispatch'
  actionpack (3.2.13) lib/action_controller/metal.rb:246:in `block in action'
  actionpack (3.2.13) lib/action_dispatch/routing/route_set.rb:73:in `call'
  actionpack (3.2.13) lib/action_dispatch/routing/route_set.rb:73:in `dispatch'
  actionpack (3.2.13) lib/action_dispatch/routing/route_set.rb:36:in `call'
  journey (1.0.4) lib/journey/router.rb:68:in `block in call'
  journey (1.0.4) lib/journey/router.rb:56:in `each'
  journey (1.0.4) lib/journey/router.rb:56:in `call'
  actionpack (3.2.13) lib/action_dispatch/routing/route_set.rb:612:in `call'
  actionpack (3.2.13) lib/action_dispatch/middleware/best_standards_support.rb:17:in `call'
  rack (1.4.5) lib/rack/etag.rb:23:in `call'
  rack (1.4.5) lib/rack/conditionalget.rb:25:in `call'
  actionpack (3.2.13) lib/action_dispatch/middleware/head.rb:14:in `call'
  actionpack (3.2.13) lib/action_dispatch/middleware/params_parser.rb:21:in `call'
  actionpack (3.2.13) lib/action_dispatch/middleware/flash.rb:242:in `call'
  rack (1.4.5) lib/rack/session/abstract/id.rb:210:in `context'
  rack (1.4.5) lib/rack/session/abstract/id.rb:205:in `call'
  actionpack (3.2.13) lib/action_dispatch/middleware/cookies.rb:341:in `call'
  activerecord (3.2.13) lib/active_record/query_cache.rb:64:in `call'
  activerecord (3.2.13) lib/active_record/connection_adapters/abstract/connection_pool.rb:479:in `call'
  actionpack (3.2.13) lib/action_dispatch/middleware/callbacks.rb:28:in `block in call'
  activesupport (3.2.13) lib/active_support/callbacks.rb:405:in `_run__4097779779289604337__call__593764497883304065__callbacks'
  activesupport (3.2.13) lib/active_support/callbacks.rb:405:in `__run_callback'
  activesupport (3.2.13) lib/active_support/callbacks.rb:385:in `_run_call_callbacks'
  activesupport (3.2.13) lib/active_support/callbacks.rb:81:in `run_callbacks'
  actionpack (3.2.13) lib/action_dispatch/middleware/callbacks.rb:27:in `call'
  actionpack (3.2.13) lib/action_dispatch/middleware/reloader.rb:65:in `call'
  actionpack (3.2.13) lib/action_dispatch/middleware/remote_ip.rb:31:in `call'
  actionpack (3.2.13) lib/action_dispatch/middleware/debug_exceptions.rb:16:in `call'
  actionpack (3.2.13) lib/action_dispatch/middleware/show_exceptions.rb:56:in `call'
  railties (3.2.13) lib/rails/rack/logger.rb:32:in `call_app'
  railties (3.2.13) lib/rails/rack/logger.rb:16:in `block in call'
  activesupport (3.2.13) lib/active_support/tagged_logging.rb:22:in `tagged'
  railties (3.2.13) lib/rails/rack/logger.rb:16:in `call'
  actionpack (3.2.13) lib/action_dispatch/middleware/request_id.rb:22:in `call'
  rack (1.4.5) lib/rack/methodoverride.rb:21:in `call'
  rack (1.4.5) lib/rack/runtime.rb:17:in `call'
  activesupport (3.2.13) lib/active_support/cache/strategy/local_cache.rb:72:in `call'
  rack (1.4.5) lib/rack/lock.rb:15:in `call'
  actionpack (3.2.13) lib/action_dispatch/middleware/static.rb:63:in `call'
  railties (3.2.13) lib/rails/engine.rb:479:in `call'
  railties (3.2.13) lib/rails/application.rb:223:in `call'
  rack (1.4.5) lib/rack/content_length.rb:14:in `call'
  railties (3.2.13) lib/rails/rack/log_tailer.rb:17:in `call'
  rack (1.4.5) lib/rack/handler/webrick.rb:59:in `service'
  /usr/lib/ruby/1.9.1/webrick/httpserver.rb:138:in `service'
  /usr/lib/ruby/1.9.1/webrick/httpserver.rb:94:in `run'
  /usr/lib/ruby/1.9.1/webrick/server.rb:191:in `block in start_thread'


  Rendered /var/lib/gems/1.9.1/gems/actionpack-3.2.13/lib/action_dispatch/middleware/templates/rescues/missing_template.erb within rescues/layout (0.3ms)


Started GET "/" for 192.168.0.4 at 2013-06-04 18:07:54 +0700
Processing by HamlTestController#index as HTML
  Rendered haml_test/index.html.haml within layouts/application (1.0ms)
Completed 200 OK in 20ms (Views: 19.6ms | ActiveRecord: 0.0ms)


Started GET "/assets/application.css?body=1" for 192.168.0.4 at 2013-06-04 18:07:54 +0700
Served asset /application.css - 200 OK (1ms)


Started GET "/assets/jquery.js?body=1" for 192.168.0.4 at 2013-06-04 18:07:54 +0700
Served asset /jquery.js - 200 OK (1ms)


Started GET "/assets/haml_test.css?body=1" for 192.168.0.4 at 2013-06-04 18:07:54 +0700
Served asset /haml_test.css - 200 OK (0ms)


Started GET "/assets/jquery_ujs.js?body=1" for 192.168.0.4 at 2013-06-04 18:07:54 +0700
Served asset /jquery_ujs.js - 200 OK (0ms)


Started GET "/assets/haml_test.js?body=1" for 192.168.0.4 at 2013-06-04 18:07:54 +0700
Served asset /haml_test.js - 200 OK (0ms)


Started GET "/assets/application.js?body=1" for 192.168.0.4 at 2013-06-04 18:07:54 +0700
Served asset /application.js - 200 OK (1ms)


Started GET "/textareas" for 192.168.0.4 at 2013-06-04 18:07:56 +0700
Processing by HamlTestController#textareas as JS
  Rendered haml_test/_textareas.html.haml (2.0ms)
  Rendered haml_test/textareas.js.haml (11.9ms)
Completed 200 OK in 17ms (Views: 16.2ms | ActiveRecord: 0.0ms)


Started GET "/" for 192.168.0.4 at 2013-06-04 18:08:59 +0700
Processing by HamlTestController#index as HTML
  Rendered haml_test/index.html.haml within layouts/application (0.7ms)
Completed 200 OK in 38ms (Views: 37.9ms | ActiveRecord: 0.0ms)


Started GET "/assets/application.css?body=1" for 192.168.0.4 at 2013-06-04 18:08:59 +0700
Served asset /application.css - 200 OK (0ms)


Started GET "/assets/haml_test.css?body=1" for 192.168.0.4 at 2013-06-04 18:08:59 +0700
Served asset /haml_test.css - 200 OK (0ms)


Started GET "/assets/application.js?body=1" for 192.168.0.4 at 2013-06-04 18:08:59 +0700
Served asset /application.js - 200 OK (1ms)


Started GET "/assets/jquery.js?body=1" for 192.168.0.4 at 2013-06-04 18:08:59 +0700
Served asset /jquery.js - 200 OK (0ms)


Started GET "/assets/haml_test.js?body=1" for 192.168.0.4 at 2013-06-04 18:08:59 +0700
Served asset /haml_test.js - 200 OK (0ms)


Started GET "/assets/jquery_ujs.js?body=1" for 192.168.0.4 at 2013-06-04 18:08:59 +0700
Served asset /jquery_ujs.js - 200 OK (0ms)


Started GET "/textareas" for 192.168.0.4 at 2013-06-04 18:09:01 +0700
Processing by HamlTestController#textareas as JS
  Rendered haml_test/_textareas.html.haml (3.1ms)
  Rendered haml_test/textareas.js.haml (6.9ms)
Completed 200 OK in 12ms (Views: 11.8ms | ActiveRecord: 0.0ms)


Started GET "/" for 192.168.0.4 at 2013-06-04 18:09:56 +0700
Processing by HamlTestController#index as HTML
  Rendered haml_test/index.html.haml within layouts/application (0.5ms)
Completed 200 OK in 31ms (Views: 30.2ms | ActiveRecord: 0.0ms)


Started GET "/assets/application.css?body=1" for 192.168.0.4 at 2013-06-04 18:09:56 +0700
Served asset /application.css - 200 OK (0ms)


Started GET "/assets/haml_test.js?body=1" for 192.168.0.4 at 2013-06-04 18:09:56 +0700
Served asset /haml_test.js - 200 OK (0ms)


Started GET "/assets/jquery.js?body=1" for 192.168.0.4 at 2013-06-04 18:09:56 +0700
Served asset /jquery.js - 200 OK (1ms)


Started GET "/assets/haml_test.css?body=1" for 192.168.0.4 at 2013-06-04 18:09:56 +0700
Served asset /haml_test.css - 200 OK (0ms)


Started GET "/assets/jquery_ujs.js?body=1" for 192.168.0.4 at 2013-06-04 18:09:56 +0700
Served asset /jquery_ujs.js - 200 OK (0ms)


Started GET "/assets/application.js?body=1" for 192.168.0.4 at 2013-06-04 18:09:56 +0700
Served asset /application.js - 200 OK (1ms)


Started GET "/textareas" for 192.168.0.4 at 2013-06-04 18:09:59 +0700
Processing by HamlTestController#textareas as JS
  Rendered haml_test/_textareas.html.haml (3.2ms)
  Rendered haml_test/textareas.js.haml (8.8ms)
Completed 200 OK in 15ms (Views: 14.3ms | ActiveRecord: 0.0ms)


Started GET "/" for 192.168.0.4 at 2013-06-04 18:11:13 +0700
Processing by HamlTestController#index as HTML
  Rendered haml_test/index.html.haml within layouts/application (0.6ms)
Completed 200 OK in 46ms (Views: 46.2ms | ActiveRecord: 0.0ms)


Started GET "/assets/application.css?body=1" for 192.168.0.4 at 2013-06-04 18:11:14 +0700
Served asset /application.css - 200 OK (0ms)


Started GET "/assets/application.js?body=1" for 192.168.0.4 at 2013-06-04 18:11:14 +0700
Served asset /application.js - 200 OK (2ms)


Started GET "/assets/haml_test.js?body=1" for 192.168.0.4 at 2013-06-04 18:11:14 +0700
Served asset /haml_test.js - 200 OK (0ms)


Started GET "/assets/haml_test.css?body=1" for 192.168.0.4 at 2013-06-04 18:11:14 +0700
Served asset /haml_test.css - 200 OK (0ms)


Started GET "/assets/jquery.js?body=1" for 192.168.0.4 at 2013-06-04 18:11:14 +0700
Served asset /jquery.js - 200 OK (0ms)


Started GET "/assets/jquery_ujs.js?body=1" for 192.168.0.4 at 2013-06-04 18:11:14 +0700
Served asset /jquery_ujs.js - 200 OK (0ms)


Started GET "/textareas" for 192.168.0.4 at 2013-06-04 18:11:15 +0700
Processing by HamlTestController#textareas as JS
  Rendered haml_test/_textareas.html.haml (6.4ms)
  Rendered haml_test/textareas.js.haml (61.2ms)
Completed 200 OK in 67ms (Views: 66.7ms | ActiveRecord: 0.0ms)


Started GET "/" for 192.168.0.4 at 2013-06-04 18:11:50 +0700
Processing by HamlTestController#index as HTML
  Rendered haml_test/index.html.haml within layouts/application (0.4ms)
Completed 200 OK in 18ms (Views: 18.2ms | ActiveRecord: 0.0ms)


Started GET "/assets/application.css?body=1" for 192.168.0.4 at 2013-06-04 18:11:50 +0700
Served asset /application.css - 200 OK (0ms)


Started GET "/assets/haml_test.css?body=1" for 192.168.0.4 at 2013-06-04 18:11:50 +0700
Served asset /haml_test.css - 200 OK (0ms)


Started GET "/assets/jquery.js?body=1" for 192.168.0.4 at 2013-06-04 18:11:50 +0700
Served asset /jquery.js - 200 OK (0ms)


Started GET "/assets/jquery_ujs.js?body=1" for 192.168.0.4 at 2013-06-04 18:11:50 +0700
Served asset /jquery_ujs.js - 200 OK (0ms)


Started GET "/assets/haml_test.js?body=1" for 192.168.0.4 at 2013-06-04 18:11:50 +0700
Served asset /haml_test.js - 200 OK (0ms)


Started GET "/assets/application.js?body=1" for 192.168.0.4 at 2013-06-04 18:11:50 +0700
Served asset /application.js - 200 OK (1ms)


Started GET "/textareas" for 192.168.0.4 at 2013-06-04 18:11:53 +0700
Processing by HamlTestController#textareas as JS
  Rendered haml_test/_textareas.html.haml (56.0ms)
  Rendered haml_test/textareas.js.haml (1387.2ms)
Completed 200 OK in 1393ms (Views: 1392.2ms | ActiveRecord: 0.0ms)


Started GET "/" for 192.168.0.4 at 2013-06-04 18:12:26 +0700
Processing by HamlTestController#index as HTML
  Rendered haml_test/index.html.haml within layouts/application (1.4ms)
Completed 200 OK in 16ms (Views: 15.3ms | ActiveRecord: 0.0ms)


Started GET "/assets/application.css?body=1" for 192.168.0.4 at 2013-06-04 18:12:26 +0700
Served asset /application.css - 200 OK (0ms)


Started GET "/assets/haml_test.css?body=1" for 192.168.0.4 at 2013-06-04 18:12:26 +0700
Served asset /haml_test.css - 200 OK (0ms)


Started GET "/assets/jquery.js?body=1" for 192.168.0.4 at 2013-06-04 18:12:26 +0700
Served asset /jquery.js - 200 OK (1ms)


Started GET "/assets/jquery_ujs.js?body=1" for 192.168.0.4 at 2013-06-04 18:12:26 +0700
Served asset /jquery_ujs.js - 200 OK (0ms)


Started GET "/assets/haml_test.js?body=1" for 192.168.0.4 at 2013-06-04 18:12:26 +0700
Served asset /haml_test.js - 200 OK (0ms)


Started GET "/assets/application.js?body=1" for 192.168.0.4 at 2013-06-04 18:12:26 +0700
Served asset /application.js - 200 OK (1ms)


Started GET "/textareas" for 192.168.0.4 at 2013-06-04 18:12:28 +0700
Processing by HamlTestController#textareas as JS
  Rendered haml_test/_textareas.html.haml (69.4ms)
  Rendered haml_test/textareas.js.haml (2179.4ms)
Completed 200 OK in 2186ms (Views: 2184.9ms | ActiveRecord: 0.0ms)


Started GET "/" for 192.168.0.4 at 2013-06-04 18:12:45 +0700
Processing by HamlTestController#index as HTML
  Rendered haml_test/index.html.haml within layouts/application (0.8ms)
Completed 200 OK in 40ms (Views: 40.1ms | ActiveRecord: 0.0ms)


Started GET "/assets/application.css?body=1" for 192.168.0.4 at 2013-06-04 18:12:46 +0700
Served asset /application.css - 200 OK (0ms)


Started GET "/assets/haml_test.css?body=1" for 192.168.0.4 at 2013-06-04 18:12:46 +0700
Served asset /haml_test.css - 200 OK (0ms)


Started GET "/assets/jquery.js?body=1" for 192.168.0.4 at 2013-06-04 18:12:46 +0700
Served asset /jquery.js - 200 OK (1ms)


Started GET "/assets/jquery_ujs.js?body=1" for 192.168.0.4 at 2013-06-04 18:12:46 +0700
Served asset /jquery_ujs.js - 200 OK (0ms)


Started GET "/assets/application.js?body=1" for 192.168.0.4 at 2013-06-04 18:12:46 +0700
Served asset /application.js - 200 OK (2ms)


Started GET "/assets/haml_test.js?body=1" for 192.168.0.4 at 2013-06-04 18:12:46 +0700
Served asset /haml_test.js - 200 OK (0ms)


Started GET "/textareas" for 192.168.0.4 at 2013-06-04 18:12:48 +0700
Processing by HamlTestController#textareas as JS
  Rendered haml_test/_textareas.html.haml (466.3ms)
  Rendered haml_test/textareas.js.haml (207825.7ms)
Completed 200 OK in 207829ms (Views: 207829.0ms | ActiveRecord: 0.0ms)


Started GET "/" for 192.168.0.4 at 2013-06-04 18:17:12 +0700
Processing by HamlTestController#index as HTML
  Rendered haml_test/index.html.haml within layouts/application (0.5ms)
Completed 200 OK in 13ms (Views: 12.8ms | ActiveRecord: 0.0ms)


Started GET "/assets/application.css?body=1" for 192.168.0.4 at 2013-06-04 18:17:12 +0700
Served asset /application.css - 200 OK (0ms)


Started GET "/assets/haml_test.css?body=1" for 192.168.0.4 at 2013-06-04 18:17:12 +0700
Served asset /haml_test.css - 200 OK (0ms)


Started GET "/assets/jquery.js?body=1" for 192.168.0.4 at 2013-06-04 18:17:12 +0700
Served asset /jquery.js - 200 OK (0ms)


Started GET "/assets/application.js?body=1" for 192.168.0.4 at 2013-06-04 18:17:12 +0700
Served asset /application.js - 200 OK (2ms)


Started GET "/assets/jquery_ujs.js?body=1" for 192.168.0.4 at 2013-06-04 18:17:12 +0700
Served asset /jquery_ujs.js - 200 OK (0ms)


Started GET "/assets/haml_test.js?body=1" for 192.168.0.4 at 2013-06-04 18:17:12 +0700
Served asset /haml_test.js - 200 OK (0ms)


Started GET "/textareas" for 192.168.0.4 at 2013-06-04 18:17:14 +0700
Processing by HamlTestController#textareas as JS
  Rendered haml_test/_textareas.html.haml (70.2ms)
  Rendered haml_test/textareas.js.haml (145.7ms)
Completed 200 OK in 157ms (Views: 156.7ms | ActiveRecord: 0.0ms)
